<?xml version="1.0" encoding="UTF-8"?>
<robot generator="Robot 4.0.2 (Python 3.8.0 on win32)" generated="20210513 00:21:50.127" rpa="false" schemaversion="2">
<suite id="s1" name="SearchTest" source="C:\Users\hp\PycharmProjects\robot-google\Testcases\SearchTest.robot">
<kw name="Open Google Search Website" library="GoogleSearchPageKeyword" type="SETUP">
<arg>${url}</arg>
<arg>${browser}</arg>
<kw name="open page" library="CommonKeyword">
<arg>${url}</arg>
<arg>${browser}</arg>
<kw name="Open Browser" library="SeleniumLibrary">
<arg>${url}</arg>
<arg>${browser}</arg>
<doc>Opens a new browser instance to the given ``url``.</doc>
<msg timestamp="20210513 00:21:50.687" level="INFO">Opening browser 'firefox' to base url 'https://www.google.com/'.</msg>
<status status="PASS" starttime="20210513 00:21:50.687" endtime="20210513 00:21:57.037"/>
</kw>
<kw name="Maximize Browser Window" library="SeleniumLibrary">
<doc>Maximizes current browser window.</doc>
<status status="PASS" starttime="20210513 00:21:57.037" endtime="20210513 00:21:57.037"/>
</kw>
<status status="PASS" starttime="20210513 00:21:50.687" endtime="20210513 00:21:57.037"/>
</kw>
<status status="PASS" starttime="20210513 00:21:50.687" endtime="20210513 00:21:57.037"/>
</kw>
<test id="s1-t1" name="SearchTest using tuan">
<kw name="Google Search">
<arg>1</arg>
<arg>tuan</arg>
<arg>000.000 kết quả</arg>
<kw name="Input Value into Search Textbox" library="GoogleSearchPageKeyword">
<arg>${seachValue}</arg>
<kw name="wait and input text" library="CommonKeyword">
<arg>${search_textbox}</arg>
<arg>${inputValue}</arg>
<kw name="Wait Until Element Is Visible" library="SeleniumLibrary">
<arg>${locator}</arg>
<doc>Waits until element ``locator`` is visible.</doc>
<status status="PASS" starttime="20210513 00:21:57.037" endtime="20210513 00:21:57.059"/>
</kw>
<kw name="Input Text" library="SeleniumLibrary">
<arg>${locator}</arg>
<arg>${inputValue}</arg>
<doc>Types the given ``text`` into text field identified by ``locator``.</doc>
<msg timestamp="20210513 00:21:57.059" level="INFO">Typing text 'tuan' into text field 'xpath://input[@name='q']'.</msg>
<status status="PASS" starttime="20210513 00:21:57.059" endtime="20210513 00:21:57.075"/>
</kw>
<status status="PASS" starttime="20210513 00:21:57.037" endtime="20210513 00:21:57.075"/>
</kw>
<status status="PASS" starttime="20210513 00:21:57.037" endtime="20210513 00:21:57.075"/>
</kw>
<kw name="Press Enter Keyboard" library="GoogleSearchPageKeyword">
<kw name="Press Key" library="SeleniumLibrary">
<arg>${search_textbox}</arg>
<arg>\ue007</arg>
<doc>Deprecated use `Press Keys` instead.</doc>
<status status="PASS" starttime="20210513 00:21:57.075" endtime="20210513 00:21:57.090"/>
</kw>
<status status="PASS" starttime="20210513 00:21:57.075" endtime="20210513 00:21:57.090"/>
</kw>
<kw name="Sleep" library="BuiltIn">
<arg>3</arg>
<doc>Pauses the test executed for the given time.</doc>
<msg timestamp="20210513 00:22:00.094" level="INFO">Slept 3 seconds</msg>
<status status="PASS" starttime="20210513 00:21:57.090" endtime="20210513 00:22:00.094"/>
</kw>
<kw name="Run Keyword If" library="BuiltIn">
<arg>'${seachID}' == '3'</arg>
<arg>Verify search result is not displayed</arg>
<arg>ELSE</arg>
<arg>Verify search result is displayed</arg>
<arg>${resultText}</arg>
<doc>Runs the given keyword with the given arguments, if ``condition`` is true.</doc>
<kw name="Verify search result is displayed" library="GoogleSearchPageKeyword">
<arg>${resultText}</arg>
<kw name="verify text is displayed" library="CommonKeyword">
<arg>${search_result_text}</arg>
<arg>${resultText}</arg>
<kw name="Wait Until Element Is Visible" library="SeleniumLibrary">
<arg>${locator}</arg>
<doc>Waits until element ``locator`` is visible.</doc>
<status status="PASS" starttime="20210513 00:22:00.094" endtime="20210513 00:22:00.109"/>
</kw>
<kw name="Page Should Contain" library="SeleniumLibrary">
<arg>${text}</arg>
<doc>Verifies that current page contains ``text``.</doc>
<msg timestamp="20210513 00:22:00.109" level="INFO">Current page contains text '000.000 kết quả'.</msg>
<status status="PASS" starttime="20210513 00:22:00.109" endtime="20210513 00:22:00.109"/>
</kw>
<status status="PASS" starttime="20210513 00:22:00.094" endtime="20210513 00:22:00.109"/>
</kw>
<status status="PASS" starttime="20210513 00:22:00.094" endtime="20210513 00:22:00.109"/>
</kw>
<status status="PASS" starttime="20210513 00:22:00.094" endtime="20210513 00:22:00.109"/>
</kw>
<status status="PASS" starttime="20210513 00:21:57.037" endtime="20210513 00:22:00.109"/>
</kw>
<status status="PASS" starttime="20210513 00:21:57.037" endtime="20210513 00:22:00.109"/>
</test>
<test id="s1-t2" name="SearchTest using home; asdddddddddddddasdasdasdas">
<kw name="Google Search">
<arg>2</arg>
<arg>home; asdddddddddddddasdasdasdas</arg>
<arg>1 kết quả</arg>
<kw name="Input Value into Search Textbox" library="GoogleSearchPageKeyword">
<arg>${seachValue}</arg>
<kw name="wait and input text" library="CommonKeyword">
<arg>${search_textbox}</arg>
<arg>${inputValue}</arg>
<kw name="Wait Until Element Is Visible" library="SeleniumLibrary">
<arg>${locator}</arg>
<doc>Waits until element ``locator`` is visible.</doc>
<status status="PASS" starttime="20210513 00:22:00.109" endtime="20210513 00:22:00.125"/>
</kw>
<kw name="Input Text" library="SeleniumLibrary">
<arg>${locator}</arg>
<arg>${inputValue}</arg>
<doc>Types the given ``text`` into text field identified by ``locator``.</doc>
<msg timestamp="20210513 00:22:00.125" level="INFO">Typing text 'home; asdddddddddddddasdasdasdas' into text field 'xpath://input[@name='q']'.</msg>
<status status="PASS" starttime="20210513 00:22:00.125" endtime="20210513 00:22:00.178"/>
</kw>
<status status="PASS" starttime="20210513 00:22:00.109" endtime="20210513 00:22:00.178"/>
</kw>
<status status="PASS" starttime="20210513 00:22:00.109" endtime="20210513 00:22:00.178"/>
</kw>
<kw name="Press Enter Keyboard" library="GoogleSearchPageKeyword">
<kw name="Press Key" library="SeleniumLibrary">
<arg>${search_textbox}</arg>
<arg>\ue007</arg>
<doc>Deprecated use `Press Keys` instead.</doc>
<status status="PASS" starttime="20210513 00:22:00.178" endtime="20210513 00:22:00.194"/>
</kw>
<status status="PASS" starttime="20210513 00:22:00.178" endtime="20210513 00:22:00.194"/>
</kw>
<kw name="Sleep" library="BuiltIn">
<arg>3</arg>
<doc>Pauses the test executed for the given time.</doc>
<msg timestamp="20210513 00:22:03.198" level="INFO">Slept 3 seconds</msg>
<status status="PASS" starttime="20210513 00:22:00.194" endtime="20210513 00:22:03.198"/>
</kw>
<kw name="Run Keyword If" library="BuiltIn">
<arg>'${seachID}' == '3'</arg>
<arg>Verify search result is not displayed</arg>
<arg>ELSE</arg>
<arg>Verify search result is displayed</arg>
<arg>${resultText}</arg>
<doc>Runs the given keyword with the given arguments, if ``condition`` is true.</doc>
<kw name="Verify search result is displayed" library="GoogleSearchPageKeyword">
<arg>${resultText}</arg>
<kw name="verify text is displayed" library="CommonKeyword">
<arg>${search_result_text}</arg>
<arg>${resultText}</arg>
<kw name="Wait Until Element Is Visible" library="SeleniumLibrary">
<arg>${locator}</arg>
<doc>Waits until element ``locator`` is visible.</doc>
<status status="PASS" starttime="20210513 00:22:03.198" endtime="20210513 00:22:03.214"/>
</kw>
<kw name="Page Should Contain" library="SeleniumLibrary">
<arg>${text}</arg>
<doc>Verifies that current page contains ``text``.</doc>
<msg timestamp="20210513 00:22:03.214" level="INFO">Current page contains text '1 kết quả'.</msg>
<status status="PASS" starttime="20210513 00:22:03.214" endtime="20210513 00:22:03.214"/>
</kw>
<status status="PASS" starttime="20210513 00:22:03.198" endtime="20210513 00:22:03.214"/>
</kw>
<status status="PASS" starttime="20210513 00:22:03.198" endtime="20210513 00:22:03.214"/>
</kw>
<status status="PASS" starttime="20210513 00:22:03.198" endtime="20210513 00:22:03.214"/>
</kw>
<status status="PASS" starttime="20210513 00:22:00.109" endtime="20210513 00:22:03.214"/>
</kw>
<status status="PASS" starttime="20210513 00:22:00.109" endtime="20210513 00:22:03.214"/>
</test>
<test id="s1-t3" name="SearchTest using http://abc.co.jp/test_123test1">
<kw name="Google Search">
<arg>3</arg>
<arg>http://abc.co.jp/test_123test1</arg>
<kw name="Input Value into Search Textbox" library="GoogleSearchPageKeyword">
<arg>${seachValue}</arg>
<kw name="wait and input text" library="CommonKeyword">
<arg>${search_textbox}</arg>
<arg>${inputValue}</arg>
<kw name="Wait Until Element Is Visible" library="SeleniumLibrary">
<arg>${locator}</arg>
<doc>Waits until element ``locator`` is visible.</doc>
<status status="PASS" starttime="20210513 00:22:03.214" endtime="20210513 00:22:03.229"/>
</kw>
<kw name="Input Text" library="SeleniumLibrary">
<arg>${locator}</arg>
<arg>${inputValue}</arg>
<doc>Types the given ``text`` into text field identified by ``locator``.</doc>
<msg timestamp="20210513 00:22:03.229" level="INFO">Typing text 'http://abc.co.jp/test_123test1' into text field 'xpath://input[@name='q']'.</msg>
<status status="PASS" starttime="20210513 00:22:03.229" endtime="20210513 00:22:03.283"/>
</kw>
<status status="PASS" starttime="20210513 00:22:03.214" endtime="20210513 00:22:03.283"/>
</kw>
<status status="PASS" starttime="20210513 00:22:03.214" endtime="20210513 00:22:03.283"/>
</kw>
<kw name="Press Enter Keyboard" library="GoogleSearchPageKeyword">
<kw name="Press Key" library="SeleniumLibrary">
<arg>${search_textbox}</arg>
<arg>\ue007</arg>
<doc>Deprecated use `Press Keys` instead.</doc>
<status status="PASS" starttime="20210513 00:22:03.283" endtime="20210513 00:22:03.299"/>
</kw>
<status status="PASS" starttime="20210513 00:22:03.283" endtime="20210513 00:22:03.299"/>
</kw>
<kw name="Sleep" library="BuiltIn">
<arg>3</arg>
<doc>Pauses the test executed for the given time.</doc>
<msg timestamp="20210513 00:22:06.304" level="INFO">Slept 3 seconds</msg>
<status status="PASS" starttime="20210513 00:22:03.299" endtime="20210513 00:22:06.304"/>
</kw>
<kw name="Run Keyword If" library="BuiltIn">
<arg>'${seachID}' == '3'</arg>
<arg>Verify search result is not displayed</arg>
<arg>ELSE</arg>
<arg>Verify search result is displayed</arg>
<arg>${resultText}</arg>
<doc>Runs the given keyword with the given arguments, if ``condition`` is true.</doc>
<kw name="Verify search result is not displayed" library="GoogleSearchPageKeyword">
<kw name="Page Should Not Contain Element" library="SeleniumLibrary">
<arg>${search_result_text}</arg>
<doc>Verifies that element ``locator`` is found on the current page.</doc>
<msg timestamp="20210513 00:22:06.309" level="INFO">Current page does not contain element 'xpath://div[@id='result-stats']'.</msg>
<status status="PASS" starttime="20210513 00:22:06.306" endtime="20210513 00:22:06.309"/>
</kw>
<status status="PASS" starttime="20210513 00:22:06.305" endtime="20210513 00:22:06.309"/>
</kw>
<status status="PASS" starttime="20210513 00:22:06.304" endtime="20210513 00:22:06.309"/>
</kw>
<status status="PASS" starttime="20210513 00:22:03.214" endtime="20210513 00:22:06.309"/>
</kw>
<status status="PASS" starttime="20210513 00:22:03.214" endtime="20210513 00:22:06.310"/>
</test>
<kw name="Close Google Search Website" library="GoogleSearchPageKeyword" type="TEARDOWN">
<kw name="Close All Browsers" library="SeleniumLibrary">
<doc>Closes all open browsers and resets the browser cache.</doc>
<status status="PASS" starttime="20210513 00:22:06.312" endtime="20210513 00:22:06.797"/>
</kw>
<status status="PASS" starttime="20210513 00:22:06.311" endtime="20210513 00:22:06.797"/>
</kw>
<status status="PASS" starttime="20210513 00:21:50.127" endtime="20210513 00:22:06.797"/>
</suite>
<statistics>
<total>
<stat pass="3" fail="0" skip="0">All Tests</stat>
</total>
<tag>
</tag>
<suite>
<stat pass="3" fail="0" skip="0" id="s1" name="SearchTest">SearchTest</stat>
</suite>
</statistics>
<errors>
</errors>
</robot>
