<?xml version="1.0" encoding="UTF-8"?>
<robot generator="Robot 4.0.2 (Python 3.8.0 on win32)" generated="20210513 01:53:40.098" rpa="false" schemaversion="2">
<suite id="s1" name="SearchTest" source="C:\Users\hp\PycharmProjects\robot-google\Testcases\SearchTest.robot">
<kw name="Open Google Search Website" library="GoogleSearchPageKeyword" type="SETUP">
<arg>${url}</arg>
<arg>${browser}</arg>
<kw name="open page" library="CommonKeyword">
<arg>${url}</arg>
<arg>${browser}</arg>
<kw name="Open Browser" library="SeleniumLibrary">
<arg>${url}</arg>
<arg>${browser}</arg>
<doc>Opens a new browser instance to the given ``url``.</doc>
<msg timestamp="20210513 01:53:40.574" level="INFO">Opening browser 'firefox' to base url 'https://www.google.com/'.</msg>
<status status="PASS" starttime="20210513 01:53:40.574" endtime="20210513 01:53:46.795"/>
</kw>
<kw name="Maximize Browser Window" library="SeleniumLibrary">
<doc>Maximizes current browser window.</doc>
<status status="PASS" starttime="20210513 01:53:46.795" endtime="20210513 01:53:46.795"/>
</kw>
<kw name="Set Selenium Implicit Wait" library="SeleniumLibrary">
<arg>5 seconds</arg>
<doc>Sets the implicit wait value used by Selenium.</doc>
<status status="PASS" starttime="20210513 01:53:46.795" endtime="20210513 01:53:46.795"/>
</kw>
<status status="PASS" starttime="20210513 01:53:40.574" endtime="20210513 01:53:46.795"/>
</kw>
<status status="PASS" starttime="20210513 01:53:40.574" endtime="20210513 01:53:46.795"/>
</kw>
<test id="s1-t1" name="SearchTest using tuan">
<kw name="Google Search">
<arg>1</arg>
<arg>tuan</arg>
<arg>000.000 kết quả</arg>
<kw name="Input Value into Search Textbox" library="GoogleSearchPageKeyword">
<arg>${seachValue}</arg>
<kw name="wait and input text" library="CommonKeyword">
<arg>${search_textbox}</arg>
<arg>${inputValue}</arg>
<kw name="Wait Until Element Is Visible" library="SeleniumLibrary">
<arg>${locator}</arg>
<doc>Waits until element ``locator`` is visible.</doc>
<status status="PASS" starttime="20210513 01:53:46.795" endtime="20210513 01:53:46.826"/>
</kw>
<kw name="Input Text" library="SeleniumLibrary">
<arg>${locator}</arg>
<arg>${inputValue}</arg>
<doc>Types the given ``text`` into text field identified by ``locator``.</doc>
<msg timestamp="20210513 01:53:46.826" level="INFO">Typing text 'tuan' into text field 'xpath://input[@name='q']'.</msg>
<status status="PASS" starttime="20210513 01:53:46.826" endtime="20210513 01:53:46.842"/>
</kw>
<status status="PASS" starttime="20210513 01:53:46.795" endtime="20210513 01:53:46.842"/>
</kw>
<status status="PASS" starttime="20210513 01:53:46.795" endtime="20210513 01:53:46.842"/>
</kw>
<kw name="Press Enter Keyboard" library="GoogleSearchPageKeyword">
<kw name="Press Key" library="SeleniumLibrary">
<arg>${search_textbox}</arg>
<arg>\ue007</arg>
<doc>Deprecated use `Press Keys` instead.</doc>
<status status="PASS" starttime="20210513 01:53:46.842" endtime="20210513 01:53:46.858"/>
</kw>
<status status="PASS" starttime="20210513 01:53:46.842" endtime="20210513 01:53:46.858"/>
</kw>
<kw name="Sleep" library="BuiltIn">
<arg>1</arg>
<doc>Pauses the test executed for the given time.</doc>
<msg timestamp="20210513 01:53:47.861" level="INFO">Slept 1 second</msg>
<status status="PASS" starttime="20210513 01:53:46.858" endtime="20210513 01:53:47.861"/>
</kw>
<kw name="Run Keyword If" library="BuiltIn">
<arg>'${seachID}' == '3'</arg>
<arg>Verify search result is not displayed</arg>
<arg>ELSE</arg>
<arg>Verify search result is displayed</arg>
<arg>${resultText}</arg>
<doc>Runs the given keyword with the given arguments, if ``condition`` is true.</doc>
<kw name="Verify search result is displayed" library="GoogleSearchPageKeyword">
<arg>${resultText}</arg>
<kw name="verify text is displayed" library="CommonKeyword">
<arg>${search_result_text}</arg>
<arg>${resultText}</arg>
<kw name="Wait Until Element Is Visible" library="SeleniumLibrary">
<arg>${locator}</arg>
<doc>Waits until element ``locator`` is visible.</doc>
<status status="PASS" starttime="20210513 01:53:47.862" endtime="20210513 01:53:47.926"/>
</kw>
<kw name="Page Should Contain" library="SeleniumLibrary">
<arg>${text}</arg>
<doc>Verifies that current page contains ``text``.</doc>
<msg timestamp="20210513 01:53:47.941" level="INFO">Current page contains text '000.000 kết quả'.</msg>
<status status="PASS" starttime="20210513 01:53:47.926" endtime="20210513 01:53:47.941"/>
</kw>
<status status="PASS" starttime="20210513 01:53:47.862" endtime="20210513 01:53:47.942"/>
</kw>
<status status="PASS" starttime="20210513 01:53:47.861" endtime="20210513 01:53:47.942"/>
</kw>
<status status="PASS" starttime="20210513 01:53:47.861" endtime="20210513 01:53:47.942"/>
</kw>
<status status="PASS" starttime="20210513 01:53:46.795" endtime="20210513 01:53:47.942"/>
</kw>
<status status="PASS" starttime="20210513 01:53:46.795" endtime="20210513 01:53:47.942"/>
</test>
<test id="s1-t2" name="SearchTest using home; asdddddddddddddasdasdasdas">
<kw name="Google Search">
<arg>2</arg>
<arg>home; asdddddddddddddasdasdasdas</arg>
<arg>1 kết quả</arg>
<kw name="Input Value into Search Textbox" library="GoogleSearchPageKeyword">
<arg>${seachValue}</arg>
<kw name="wait and input text" library="CommonKeyword">
<arg>${search_textbox}</arg>
<arg>${inputValue}</arg>
<kw name="Wait Until Element Is Visible" library="SeleniumLibrary">
<arg>${locator}</arg>
<doc>Waits until element ``locator`` is visible.</doc>
<status status="PASS" starttime="20210513 01:53:47.944" endtime="20210513 01:53:47.958"/>
</kw>
<kw name="Input Text" library="SeleniumLibrary">
<arg>${locator}</arg>
<arg>${inputValue}</arg>
<doc>Types the given ``text`` into text field identified by ``locator``.</doc>
<msg timestamp="20210513 01:53:47.958" level="INFO">Typing text 'home; asdddddddddddddasdasdasdas' into text field 'xpath://input[@name='q']'.</msg>
<status status="PASS" starttime="20210513 01:53:47.958" endtime="20210513 01:53:48.016"/>
</kw>
<status status="PASS" starttime="20210513 01:53:47.944" endtime="20210513 01:53:48.016"/>
</kw>
<status status="PASS" starttime="20210513 01:53:47.944" endtime="20210513 01:53:48.016"/>
</kw>
<kw name="Press Enter Keyboard" library="GoogleSearchPageKeyword">
<kw name="Press Key" library="SeleniumLibrary">
<arg>${search_textbox}</arg>
<arg>\ue007</arg>
<doc>Deprecated use `Press Keys` instead.</doc>
<status status="PASS" starttime="20210513 01:53:48.016" endtime="20210513 01:53:48.033"/>
</kw>
<status status="PASS" starttime="20210513 01:53:48.016" endtime="20210513 01:53:48.033"/>
</kw>
<kw name="Sleep" library="BuiltIn">
<arg>1</arg>
<doc>Pauses the test executed for the given time.</doc>
<msg timestamp="20210513 01:53:49.039" level="INFO">Slept 1 second</msg>
<status status="PASS" starttime="20210513 01:53:48.033" endtime="20210513 01:53:49.039"/>
</kw>
<kw name="Run Keyword If" library="BuiltIn">
<arg>'${seachID}' == '3'</arg>
<arg>Verify search result is not displayed</arg>
<arg>ELSE</arg>
<arg>Verify search result is displayed</arg>
<arg>${resultText}</arg>
<doc>Runs the given keyword with the given arguments, if ``condition`` is true.</doc>
<kw name="Verify search result is displayed" library="GoogleSearchPageKeyword">
<arg>${resultText}</arg>
<kw name="verify text is displayed" library="CommonKeyword">
<arg>${search_result_text}</arg>
<arg>${resultText}</arg>
<kw name="Wait Until Element Is Visible" library="SeleniumLibrary">
<arg>${locator}</arg>
<doc>Waits until element ``locator`` is visible.</doc>
<status status="PASS" starttime="20210513 01:53:49.042" endtime="20210513 01:53:49.057"/>
</kw>
<kw name="Page Should Contain" library="SeleniumLibrary">
<arg>${text}</arg>
<doc>Verifies that current page contains ``text``.</doc>
<msg timestamp="20210513 01:53:49.063" level="INFO">Current page contains text '1 kết quả'.</msg>
<status status="PASS" starttime="20210513 01:53:49.057" endtime="20210513 01:53:49.063"/>
</kw>
<status status="PASS" starttime="20210513 01:53:49.041" endtime="20210513 01:53:49.063"/>
</kw>
<status status="PASS" starttime="20210513 01:53:49.040" endtime="20210513 01:53:49.063"/>
</kw>
<status status="PASS" starttime="20210513 01:53:49.039" endtime="20210513 01:53:49.063"/>
</kw>
<status status="PASS" starttime="20210513 01:53:47.943" endtime="20210513 01:53:49.063"/>
</kw>
<status status="PASS" starttime="20210513 01:53:47.943" endtime="20210513 01:53:49.064"/>
</test>
<test id="s1-t3" name="SearchTest using http://abc.co.jp/test_123test1">
<kw name="Google Search">
<arg>3</arg>
<arg>http://abc.co.jp/test_123test1</arg>
<kw name="Input Value into Search Textbox" library="GoogleSearchPageKeyword">
<arg>${seachValue}</arg>
<kw name="wait and input text" library="CommonKeyword">
<arg>${search_textbox}</arg>
<arg>${inputValue}</arg>
<kw name="Wait Until Element Is Visible" library="SeleniumLibrary">
<arg>${locator}</arg>
<doc>Waits until element ``locator`` is visible.</doc>
<status status="PASS" starttime="20210513 01:53:49.066" endtime="20210513 01:53:49.076"/>
</kw>
<kw name="Input Text" library="SeleniumLibrary">
<arg>${locator}</arg>
<arg>${inputValue}</arg>
<doc>Types the given ``text`` into text field identified by ``locator``.</doc>
<msg timestamp="20210513 01:53:49.077" level="INFO">Typing text 'http://abc.co.jp/test_123test1' into text field 'xpath://input[@name='q']'.</msg>
<status status="PASS" starttime="20210513 01:53:49.076" endtime="20210513 01:53:49.135"/>
</kw>
<status status="PASS" starttime="20210513 01:53:49.066" endtime="20210513 01:53:49.135"/>
</kw>
<status status="PASS" starttime="20210513 01:53:49.065" endtime="20210513 01:53:49.135"/>
</kw>
<kw name="Press Enter Keyboard" library="GoogleSearchPageKeyword">
<kw name="Press Key" library="SeleniumLibrary">
<arg>${search_textbox}</arg>
<arg>\ue007</arg>
<doc>Deprecated use `Press Keys` instead.</doc>
<status status="PASS" starttime="20210513 01:53:49.136" endtime="20210513 01:53:49.148"/>
</kw>
<status status="PASS" starttime="20210513 01:53:49.135" endtime="20210513 01:53:49.148"/>
</kw>
<kw name="Sleep" library="BuiltIn">
<arg>1</arg>
<doc>Pauses the test executed for the given time.</doc>
<msg timestamp="20210513 01:53:50.155" level="INFO">Slept 1 second</msg>
<status status="PASS" starttime="20210513 01:53:49.148" endtime="20210513 01:53:50.155"/>
</kw>
<kw name="Run Keyword If" library="BuiltIn">
<arg>'${seachID}' == '3'</arg>
<arg>Verify search result is not displayed</arg>
<arg>ELSE</arg>
<arg>Verify search result is displayed</arg>
<arg>${resultText}</arg>
<doc>Runs the given keyword with the given arguments, if ``condition`` is true.</doc>
<kw name="Verify search result is not displayed" library="GoogleSearchPageKeyword">
<kw name="Page Should Not Contain Element" library="SeleniumLibrary">
<arg>${search_result_text}</arg>
<doc>Verifies that element ``locator`` is found on the current page.</doc>
<msg timestamp="20210513 01:53:55.175" level="INFO">Current page does not contain element 'xpath://div[@id='result-stats']'.</msg>
<status status="PASS" starttime="20210513 01:53:50.156" endtime="20210513 01:53:55.175"/>
</kw>
<status status="PASS" starttime="20210513 01:53:50.156" endtime="20210513 01:53:55.175"/>
</kw>
<status status="PASS" starttime="20210513 01:53:50.155" endtime="20210513 01:53:55.175"/>
</kw>
<status status="PASS" starttime="20210513 01:53:49.065" endtime="20210513 01:53:55.175"/>
</kw>
<status status="PASS" starttime="20210513 01:53:49.065" endtime="20210513 01:53:55.175"/>
</test>
<kw name="Close Google Search Website" library="GoogleSearchPageKeyword" type="TEARDOWN">
<kw name="Close All Browsers" library="SeleniumLibrary">
<doc>Closes all open browsers and resets the browser cache.</doc>
<status status="PASS" starttime="20210513 01:53:55.181" endtime="20210513 01:53:55.655"/>
</kw>
<status status="PASS" starttime="20210513 01:53:55.181" endtime="20210513 01:53:55.655"/>
</kw>
<status status="PASS" starttime="20210513 01:53:40.098" endtime="20210513 01:53:55.655"/>
</suite>
<statistics>
<total>
<stat pass="3" fail="0" skip="0">All Tests</stat>
</total>
<tag>
</tag>
<suite>
<stat pass="3" fail="0" skip="0" id="s1" name="SearchTest">SearchTest</stat>
</suite>
</statistics>
<errors>
</errors>
</robot>
